[20:26:43] NotNet Server running on 0.0.0.0:55555
[20:27:13] [+] elphaba connected from ('192.168.0.16', 60524)
[20:27:15] [+] glinda connected from ('192.168.0.16', 60528)
[20:28:03] elphaba: i'm a witch
[20:28:29] glinda: and i'm a witch
[20:28:59] elphaba: but, which is which?
[20:29:14] glinda: well, here's the sitch
[20:29:28] elphaba: we were roommates back at school
[20:29:53] glinda: elphie's awkward
[20:30:04] elphaba: glinda's cool
[20:30:22] glinda: we were strangers
[20:30:35] elphaba: that's no lie
[20:30:49] glinda: but, now we're besties
[20:31:06] elphaba: ride or die
[20:31:07] glinda: ride or die
[20:31:32] elphaba: the school we go to, it's called
[20:31:46] SERVER: shiz!
[20:36:21] Server stopped
[20:36:21] [-] glinda disconnected
[20:36:21] [-] elphaba disconnected
